# JRE version: OpenJDK Runtime Environment (8.0_152-b02) (build 1.8.0_152-release-1024-b02)
# Java VM: OpenJDK 64-Bit Server VM (25.152-b02 mixed mode windows-amd64 compressed oops)
Heap:
 PSYoungGen      total 442880K, used 277003K [0x00000000e0000000, 0x0000000100000000, 0x0000000100000000)
  eden space 364032K, 63% used [0x00000000e0000000,0x00000000ee142588,0x00000000f6380000)
  from space 78848K, 58% used [0x00000000f6380000,0x00000000f90c0a18,0x00000000fb080000)
  to   space 80896K, 0% used [0x00000000fb100000,0x00000000fb100000,0x0000000100000000)
 ParOldGen       total 219648K, used 182166K [0x00000000a0000000, 0x00000000ad680000, 0x00000000e0000000)
  object space 219648K, 82% used [0x00000000a0000000,0x00000000ab1e5898,0x00000000ad680000)
 Metaspace       used 90813K, capacity 98744K, committed 98944K, reserved 1134592K
  class space    used 11128K, capacity 13115K, committed 13184K, reserved 1048576K
GC Heap History (10 events):
Event: 32459.679 GC heap before
{Heap before GC invocations=121 (full 4):
 PSYoungGen      total 445440K, used 387665K [0x00000000e0000000, 0x00000000ffb00000, 0x0000000100000000)
  eden space 380928K, 100% used [0x00000000e0000000,0x00000000f7400000,0x00000000f7400000)
  from space 64512K, 10% used [0x00000000fbc00000,0x00000000fc294510,0x00000000ffb00000)
  to   space 69120K, 0% used [0x00000000f7400000,0x00000000f7400000,0x00000000fb780000)
 ParOldGen       total 219648K, used 177338K [0x00000000a0000000, 0x00000000ad680000, 0x00000000e0000000)
  object space 219648K, 80% used [0x00000000a0000000,0x00000000aad2ebd8,0x00000000ad680000)
 Metaspace       used 90526K, capacity 98376K, committed 98560K, reserved 1134592K
  class space    used 11092K, capacity 13033K, committed 13056K, reserved 1048576K
Event: 32459.737 GC heap after
Heap after GC invocations=121 (full 4):
 PSYoungGen      total 449536K, used 68457K [0x00000000e0000000, 0x0000000100000000, 0x0000000100000000)
  eden space 380928K, 0% used [0x00000000e0000000,0x00000000e0000000,0x00000000f7400000)
  from space 68608K, 99% used [0x00000000f7400000,0x00000000fb6da718,0x00000000fb700000)
  to   space 74752K, 0% used [0x00000000fb700000,0x00000000fb700000,0x0000000100000000)
 ParOldGen       total 219648K, used 181790K [0x00000000a0000000, 0x00000000ad680000, 0x00000000e0000000)
  object space 219648K, 82% used [0x00000000a0000000,0x00000000ab187898,0x00000000ad680000)
 Metaspace       used 90526K, capacity 98376K, committed 98560K, reserved 1134592K
  class space    used 11092K, capacity 13033K, committed 13056K, reserved 1048576K
}
Event: 32629.617 GC heap before
{Heap before GC invocations=122 (full 4):
 PSYoungGen      total 449536K, used 449376K [0x00000000e0000000, 0x0000000100000000, 0x0000000100000000)
  eden space 380928K, 99% used [0x00000000e0000000,0x00000000f73fd9d8,0x00000000f7400000)
  from space 68608K, 99% used [0x00000000f7400000,0x00000000fb6da718,0x00000000fb700000)
  to   space 74752K, 0% used [0x00000000fb700000,0x00000000fb700000,0x0000000100000000)
 ParOldGen       total 219648K, used 181790K [0x00000000a0000000, 0x00000000ad680000, 0x00000000e0000000)
  object space 219648K, 82% used [0x00000000a0000000,0x00000000ab187898,0x00000000ad680000)
 Metaspace       used 90538K, capacity 98388K, committed 98560K, reserved 1134592K
  class space    used 11092K, capacity 13033K, committed 13056K, reserved 1048576K
Event: 32629.624 GC heap after
Heap after GC invocations=122 (full 4):
 PSYoungGen      total 441344K, used 10694K [0x00000000e0000000, 0x0000000100000000, 0x0000000100000000)
  eden space 366592K, 0% used [0x00000000e0000000,0x00000000e0000000,0x00000000f6600000)
  from space 74752K, 14% used [0x00000000fb700000,0x00000000fc171928,0x0000000100000000)
  to   space 78848K, 0% used [0x00000000f6600000,0x00000000f6600000,0x00000000fb300000)
 ParOldGen       total 219648K, used 181934K [0x00000000a0000000, 0x00000000ad680000, 0x00000000e0000000)
  object space 219648K, 82% used [0x00000000a0000000,0x00000000ab1ab898,0x00000000ad680000)
 Metaspace       used 90538K, capacity 98388K, committed 98560K, reserved 1134592K
  class space    used 11092K, capacity 13033K, committed 13056K, reserved 1048576K
}
Event: 32632.297 GC heap before
{Heap before GC invocations=123 (full 4):
 PSYoungGen      total 441344K, used 376869K [0x00000000e0000000, 0x0000000100000000, 0x0000000100000000)
  eden space 366592K, 99% used [0x00000000e0000000,0x00000000f6597b20,0x00000000f6600000)
  from space 74752K, 14% used [0x00000000fb700000,0x00000000fc171928,0x0000000100000000)
  to   space 78848K, 0% used [0x00000000f6600000,0x00000000f6600000,0x00000000fb300000)
 ParOldGen       total 219648K, used 181934K [0x00000000a0000000, 0x00000000ad680000, 0x00000000e0000000)
  object space 219648K, 82% used [0x00000000a0000000,0x00000000ab1ab898,0x00000000ad680000)
 Metaspace       used 90669K, capacity 98566K, committed 98688K, reserved 1134592K
  class space    used 11110K, capacity 13074K, committed 13184K, reserved 1048576K
Event: 32632.323 GC heap after
Heap after GC invocations=123 (full 4):
 PSYoungGen      total 415232K, used 48450K [0x00000000e0000000, 0x0000000100000000, 0x0000000100000000)
  eden space 366592K, 0% used [0x00000000e0000000,0x00000000e0000000,0x00000000f6600000)
  from space 48640K, 99% used [0x00000000f6600000,0x00000000f95508f0,0x00000000f9580000)
  to   space 81408K, 0% used [0x00000000fb080000,0x00000000fb080000,0x0000000100000000)
 ParOldGen       total 219648K, used 181982K [0x00000000a0000000, 0x00000000ad680000, 0x00000000e0000000)
  object space 219648K, 82% used [0x00000000a0000000,0x00000000ab1b7898,0x00000000ad680000)
 Metaspace       used 90669K, capacity 98566K, committed 98688K, reserved 1134592K
  class space    used 11110K, capacity 13074K, committed 13184K, reserved 1048576K
}
Event: 32843.822 GC heap before
{Heap before GC invocations=124 (full 4):
 PSYoungGen      total 415232K, used 415042K [0x00000000e0000000, 0x0000000100000000, 0x0000000100000000)
  eden space 366592K, 100% used [0x00000000e0000000,0x00000000f6600000,0x00000000f6600000)
  from space 48640K, 99% used [0x00000000f6600000,0x00000000f95508f0,0x00000000f9580000)
  to   space 81408K, 0% used [0x00000000fb080000,0x00000000fb080000,0x0000000100000000)
 ParOldGen       total 219648K, used 181982K [0x00000000a0000000, 0x00000000ad680000, 0x00000000e0000000)
  object space 219648K, 82% used [0x00000000a0000000,0x00000000ab1b7898,0x00000000ad680000)
 Metaspace       used 90693K, capacity 98566K, committed 98688K, reserved 1134592K
  class space    used 11110K, capacity 13074K, committed 13184K, reserved 1048576K
Event: 32843.830 GC heap after
Heap after GC invocations=124 (full 4):
 PSYoungGen      total 445440K, used 13073K [0x00000000e0000000, 0x0000000100000000, 0x0000000100000000)
  eden space 364032K, 0% used [0x00000000e0000000,0x00000000e0000000,0x00000000f6380000)
  from space 81408K, 16% used [0x00000000fb080000,0x00000000fbd444e8,0x0000000100000000)
  to   space 78848K, 0% used [0x00000000f6380000,0x00000000f6380000,0x00000000fb080000)
 ParOldGen       total 219648K, used 182126K [0x00000000a0000000, 0x00000000ad680000, 0x00000000e0000000)
  object space 219648K, 82% used [0x00000000a0000000,0x00000000ab1db898,0x00000000ad680000)
 Metaspace       used 90693K, capacity 98566K, committed 98688K, reserved 1134592K
  class space    used 11110K, capacity 13074K, committed 13184K, reserved 1048576K
}
Event: 32846.236 GC heap before
{Heap before GC invocations=125 (full 4):
 PSYoungGen      total 445440K, used 376938K [0x00000000e0000000, 0x0000000100000000, 0x0000000100000000)
  eden space 364032K, 99% used [0x00000000e0000000,0x00000000f6356468,0x00000000f6380000)
  from space 81408K, 16% used [0x00000000fb080000,0x00000000fbd444e8,0x0000000100000000)
  to   space 78848K, 0% used [0x00000000f6380000,0x00000000f6380000,0x00000000fb080000)
 ParOldGen       total 219648K, used 182126K [0x00000000a0000000, 0x00000000ad680000, 0x00000000e0000000)
  object space 219648K, 82% used [0x00000000a0000000,0x00000000ab1db898,0x00000000ad680000)
 Metaspace       used 90812K, capacity 98744K, committed 98944K, reserved 1134592K
  class space    used 11128K, capacity 13115K, committed 13184K, reserved 1048576K
Event: 32846.257 GC heap after
Heap after GC invocations=125 (full 4):
 PSYoungGen      total 442880K, used 46338K [0x00000000e0000000, 0x0000000100000000, 0x0000000100000000)
  eden space 364032K, 0% used [0x00000000e0000000,0x00000000e0000000,0x00000000f6380000)
  from space 78848K, 58% used [0x00000000f6380000,0x00000000f90c0a18,0x00000000fb080000)
  to   space 80896K, 0% used [0x00000000fb100000,0x00000000fb100000,0x0000000100000000)
 ParOldGen       total 219648K, used 182166K [0x00000000a0000000, 0x00000000ad680000, 0x00000000e0000000)
  object space 219648K, 82% used [0x00000000a0000000,0x00000000ab1e5898,0x00000000ad680000)
 Metaspace       used 90812K, capacity 98744K, committed 98944K, reserved 1134592K
  class space    used 11128K, capacity 13115K, committed 13184K, reserved 1048576K
}

